<?xml version="1.0" encoding="UTF-8"?>
<testsuite xmlns:xsi="http://www.w3.org/2001/XMLSchema-instance" xsi:schemaLocation="https://maven.apache.org/surefire/maven-surefire-plugin/xsd/surefire-test-report.xsd" name="steps.RunCukesTest" time="52.927" tests="15" errors="4" skipped="2" failures="0">
  <properties>
[...]
</properties>
  <testcase name="Given I am on the Facebook login page" classname="| hemantojhaa@gmail.com | India@100 | Hemant |" time="0.013"/>
  <testcase name="And I enter email or phone as hemantojhaa@gmail.com" classname="| hemantojhaa@gmail.com | India@100 | Hemant |" time="0"/>
  <testcase name="And I enter password India@100" classname="| hemantojhaa@gmail.com | India@100 | Hemant |" time="0"/>
  <testcase name="And I click on Login" classname="| hemantojhaa@gmail.com | India@100 | Hemant |" time="0"/>
  <testcase name="Then My name should be visible as Hemant" classname="| hemantojhaa@gmail.com | India@100 | Hemant |" time="0.007"/>
  <testcase name="Then I should be able to post the status message" classname="| hemantojhaa@gmail.com | India@100 | Hemant |" time="0.033">
    <error message="unknown error: jQuery is not defined&#10;  (Session info: chrome=59.0.3071.115)&#10;  (Driver info: chromedriver=2.29.461585 (0be2cd95f834e9ee7c46bcc7cf405b483f5ae83b),platform=Mac OS X 10.12.5 x86_64) (WARNING: The server did not provide any stacktrace information)&#10;Command duration or timeout: 448 milliseconds&#10;Build info: version: &apos;3.4.0&apos;, revision: &apos;unknown&apos;, time: &apos;unknown&apos;&#10;System info: host: &apos;hojhas-MacBook-Pro.local&apos;, ip: &apos;fe80:0:0:0:1ce7:b4c3:c6b0:5a49%en0&apos;, os.name: &apos;Mac OS X&apos;, os.arch: &apos;x86_64&apos;, os.version: &apos;10.12.5&apos;, java.version: &apos;1.8.0_77&apos;&#10;Driver info: org.openqa.selenium.chrome.ChromeDriver&#10;Capabilities [{applicationCacheEnabled=false, rotatable=false, mobileEmulationEnabled=false, networkConnectionEnabled=false, chrome={chromedriverVersion=2.29.461585 (0be2cd95f834e9ee7c46bcc7cf405b483f5ae83b), userDataDir=/var/folders/bl/fr6nn8sj7y3_4pjmhtnx6f1m0000gn/T/.org.chromium.Chromium.swkxkC}, takesHeapSnapshot=true, pageLoadStrategy=normal, databaseEnabled=false, handlesAlerts=true, hasTouchScreen=false, version=59.0.3071.115, platform=MAC, browserConnectionEnabled=false, nativeEvents=true, acceptSslCerts=true, locationContextEnabled=true, webStorageEnabled=true, browserName=chrome, takesScreenshot=true, javascriptEnabled=true, cssSelectorsEnabled=true, unexpectedAlertBehaviour=}]&#10;Session ID: 876a5d407fc35b31a097d59ef88221b1" type="org.openqa.selenium.WebDriverException">org.openqa.selenium.WebDriverException: 
unknown error: jQuery is not defined
  (Session info: chrome=59.0.3071.115)
  (Driver info: chromedriver=2.29.461585 (0be2cd95f834e9ee7c46bcc7cf405b483f5ae83b),platform=Mac OS X 10.12.5 x86_64) (WARNING: The server did not provide any stacktrace information)
Command duration or timeout: 448 milliseconds
Build info: version: '3.4.0', revision: 'unknown', time: 'unknown'
System info: host: 'hojhas-MacBook-Pro.local', ip: 'fe80:0:0:0:1ce7:b4c3:c6b0:5a49%en0', os.name: 'Mac OS X', os.arch: 'x86_64', os.version: '10.12.5', java.version: '1.8.0_77'
Driver info: org.openqa.selenium.chrome.ChromeDriver
Capabilities [{applicationCacheEnabled=false, rotatable=false, mobileEmulationEnabled=false, networkConnectionEnabled=false, chrome={chromedriverVersion=2.29.461585 (0be2cd95f834e9ee7c46bcc7cf405b483f5ae83b), userDataDir=/var/folders/bl/fr6nn8sj7y3_4pjmhtnx6f1m0000gn/T/.org.chromium.Chromium.swkxkC}, takesHeapSnapshot=true, pageLoadStrategy=normal, databaseEnabled=false, handlesAlerts=true, hasTouchScreen=false, version=59.0.3071.115, platform=MAC, browserConnectionEnabled=false, nativeEvents=true, acceptSslCerts=true, locationContextEnabled=true, webStorageEnabled=true, browserName=chrome, takesScreenshot=true, javascriptEnabled=true, cssSelectorsEnabled=true, unexpectedAlertBehaviour=}]
Session ID: 876a5d407fc35b31a097d59ef88221b1
</error>
    <system-out><![CDATA[2017-07-31 20:05:34 INFO  BasePageObject:52 - Entered the status text as 
2017-07-31 20:05:36 INFO  BasePageObject:52 - Click on Post button
]]></system-out>
  </testcase>
  <testcase name="| hemantojhaa@gmail.com | India@100 | Hemant |" classname="| hemantojhaa@gmail.com | India@100 | Hemant |" time="0.035">
    <error message="unknown error: jQuery is not defined&#10;  (Session info: chrome=59.0.3071.115)&#10;  (Driver info: chromedriver=2.29.461585 (0be2cd95f834e9ee7c46bcc7cf405b483f5ae83b),platform=Mac OS X 10.12.5 x86_64) (WARNING: The server did not provide any stacktrace information)&#10;Command duration or timeout: 448 milliseconds&#10;Build info: version: &apos;3.4.0&apos;, revision: &apos;unknown&apos;, time: &apos;unknown&apos;&#10;System info: host: &apos;hojhas-MacBook-Pro.local&apos;, ip: &apos;fe80:0:0:0:1ce7:b4c3:c6b0:5a49%en0&apos;, os.name: &apos;Mac OS X&apos;, os.arch: &apos;x86_64&apos;, os.version: &apos;10.12.5&apos;, java.version: &apos;1.8.0_77&apos;&#10;Driver info: org.openqa.selenium.chrome.ChromeDriver&#10;Capabilities [{applicationCacheEnabled=false, rotatable=false, mobileEmulationEnabled=false, networkConnectionEnabled=false, chrome={chromedriverVersion=2.29.461585 (0be2cd95f834e9ee7c46bcc7cf405b483f5ae83b), userDataDir=/var/folders/bl/fr6nn8sj7y3_4pjmhtnx6f1m0000gn/T/.org.chromium.Chromium.swkxkC}, takesHeapSnapshot=true, pageLoadStrategy=normal, databaseEnabled=false, handlesAlerts=true, hasTouchScreen=false, version=59.0.3071.115, platform=MAC, browserConnectionEnabled=false, nativeEvents=true, acceptSslCerts=true, locationContextEnabled=true, webStorageEnabled=true, browserName=chrome, takesScreenshot=true, javascriptEnabled=true, cssSelectorsEnabled=true, unexpectedAlertBehaviour=}]&#10;Session ID: 876a5d407fc35b31a097d59ef88221b1" type="org.openqa.selenium.WebDriverException">org.openqa.selenium.WebDriverException: 
unknown error: jQuery is not defined
  (Session info: chrome=59.0.3071.115)
  (Driver info: chromedriver=2.29.461585 (0be2cd95f834e9ee7c46bcc7cf405b483f5ae83b),platform=Mac OS X 10.12.5 x86_64) (WARNING: The server did not provide any stacktrace information)
Command duration or timeout: 448 milliseconds
Build info: version: '3.4.0', revision: 'unknown', time: 'unknown'
System info: host: 'hojhas-MacBook-Pro.local', ip: 'fe80:0:0:0:1ce7:b4c3:c6b0:5a49%en0', os.name: 'Mac OS X', os.arch: 'x86_64', os.version: '10.12.5', java.version: '1.8.0_77'
Driver info: org.openqa.selenium.chrome.ChromeDriver
Capabilities [{applicationCacheEnabled=false, rotatable=false, mobileEmulationEnabled=false, networkConnectionEnabled=false, chrome={chromedriverVersion=2.29.461585 (0be2cd95f834e9ee7c46bcc7cf405b483f5ae83b), userDataDir=/var/folders/bl/fr6nn8sj7y3_4pjmhtnx6f1m0000gn/T/.org.chromium.Chromium.swkxkC}, takesHeapSnapshot=true, pageLoadStrategy=normal, databaseEnabled=false, handlesAlerts=true, hasTouchScreen=false, version=59.0.3071.115, platform=MAC, browserConnectionEnabled=false, nativeEvents=true, acceptSslCerts=true, locationContextEnabled=true, webStorageEnabled=true, browserName=chrome, takesScreenshot=true, javascriptEnabled=true, cssSelectorsEnabled=true, unexpectedAlertBehaviour=}]
Session ID: 876a5d407fc35b31a097d59ef88221b1
</error>
  </testcase>
  <testcase name="Given I am at profile page" classname="| 3 | Health | hemant |" time="0"/>
  <testcase name="And I select the 3 star rating" classname="| 3 | Health | hemant |" time="0"/>
  <testcase name="And I set the policy to Health" classname="| 3 | Health | hemant |" time="0"/>
  <testcase name="And I write the review" classname="| 3 | Health | hemant |" time="0"/>
  <testcase name="And I press submit" classname="| 3 | Health | hemant |" time="0.002">
    <error message="unknown error: Element &lt;input type=&quot;submit&quot; class=&quot;btn blue&quot; value=&quot;Submit&quot;&gt; is not clickable at point (717, 584). Other element would receive the click: &lt;span class=&quot;head-content&quot;&gt;...&lt;/span&gt;&#10;  (Session info: chrome=59.0.3071.115)&#10;  (Driver info: chromedriver=2.29.461585 (0be2cd95f834e9ee7c46bcc7cf405b483f5ae83b),platform=Mac OS X 10.12.5 x86_64) (WARNING: The server did not provide any stacktrace information)&#10;Command duration or timeout: 57 milliseconds&#10;Build info: version: &apos;3.4.0&apos;, revision: &apos;unknown&apos;, time: &apos;unknown&apos;&#10;System info: host: &apos;hojhas-MacBook-Pro.local&apos;, ip: &apos;fe80:0:0:0:1ce7:b4c3:c6b0:5a49%en0&apos;, os.name: &apos;Mac OS X&apos;, os.arch: &apos;x86_64&apos;, os.version: &apos;10.12.5&apos;, java.version: &apos;1.8.0_77&apos;&#10;Driver info: org.openqa.selenium.chrome.ChromeDriver&#10;Capabilities [{applicationCacheEnabled=false, rotatable=false, mobileEmulationEnabled=false, networkConnectionEnabled=false, chrome={chromedriverVersion=2.29.461585 (0be2cd95f834e9ee7c46bcc7cf405b483f5ae83b), userDataDir=/var/folders/bl/fr6nn8sj7y3_4pjmhtnx6f1m0000gn/T/.org.chromium.Chromium.tQuzpZ}, takesHeapSnapshot=true, pageLoadStrategy=normal, databaseEnabled=false, handlesAlerts=true, hasTouchScreen=false, version=59.0.3071.115, platform=MAC, browserConnectionEnabled=false, nativeEvents=true, acceptSslCerts=true, locationContextEnabled=true, webStorageEnabled=true, browserName=chrome, takesScreenshot=true, javascriptEnabled=true, cssSelectorsEnabled=true, unexpectedAlertBehaviour=}]&#10;Session ID: 22b35ae6819eb57e79d9c0dc773fa5cd" type="org.openqa.selenium.WebDriverException"><![CDATA[org.openqa.selenium.WebDriverException: 
unknown error: Element <input type="submit" class="btn blue" value="Submit"> is not clickable at point (717, 584). Other element would receive the click: <span class="head-content">...</span>
  (Session info: chrome=59.0.3071.115)
  (Driver info: chromedriver=2.29.461585 (0be2cd95f834e9ee7c46bcc7cf405b483f5ae83b),platform=Mac OS X 10.12.5 x86_64) (WARNING: The server did not provide any stacktrace information)
Command duration or timeout: 57 milliseconds
Build info: version: '3.4.0', revision: 'unknown', time: 'unknown'
System info: host: 'hojhas-MacBook-Pro.local', ip: 'fe80:0:0:0:1ce7:b4c3:c6b0:5a49%en0', os.name: 'Mac OS X', os.arch: 'x86_64', os.version: '10.12.5', java.version: '1.8.0_77'
Driver info: org.openqa.selenium.chrome.ChromeDriver
Capabilities [{applicationCacheEnabled=false, rotatable=false, mobileEmulationEnabled=false, networkConnectionEnabled=false, chrome={chromedriverVersion=2.29.461585 (0be2cd95f834e9ee7c46bcc7cf405b483f5ae83b), userDataDir=/var/folders/bl/fr6nn8sj7y3_4pjmhtnx6f1m0000gn/T/.org.chromium.Chromium.tQuzpZ}, takesHeapSnapshot=true, pageLoadStrategy=normal, databaseEnabled=false, handlesAlerts=true, hasTouchScreen=false, version=59.0.3071.115, platform=MAC, browserConnectionEnabled=false, nativeEvents=true, acceptSslCerts=true, locationContextEnabled=true, webStorageEnabled=true, browserName=chrome, takesScreenshot=true, javascriptEnabled=true, cssSelectorsEnabled=true, unexpectedAlertBehaviour=}]
Session ID: 22b35ae6819eb57e79d9c0dc773fa5cd
]]></error>
  </testcase>
  <testcase name="| 3 | Health | hemant |" classname="| 3 | Health | hemant |" time="0.022">
    <error message="unknown error: Element &lt;input type=&quot;submit&quot; class=&quot;btn blue&quot; value=&quot;Submit&quot;&gt; is not clickable at point (717, 584). Other element would receive the click: &lt;span class=&quot;head-content&quot;&gt;...&lt;/span&gt;&#10;  (Session info: chrome=59.0.3071.115)&#10;  (Driver info: chromedriver=2.29.461585 (0be2cd95f834e9ee7c46bcc7cf405b483f5ae83b),platform=Mac OS X 10.12.5 x86_64) (WARNING: The server did not provide any stacktrace information)&#10;Command duration or timeout: 57 milliseconds&#10;Build info: version: &apos;3.4.0&apos;, revision: &apos;unknown&apos;, time: &apos;unknown&apos;&#10;System info: host: &apos;hojhas-MacBook-Pro.local&apos;, ip: &apos;fe80:0:0:0:1ce7:b4c3:c6b0:5a49%en0&apos;, os.name: &apos;Mac OS X&apos;, os.arch: &apos;x86_64&apos;, os.version: &apos;10.12.5&apos;, java.version: &apos;1.8.0_77&apos;&#10;Driver info: org.openqa.selenium.chrome.ChromeDriver&#10;Capabilities [{applicationCacheEnabled=false, rotatable=false, mobileEmulationEnabled=false, networkConnectionEnabled=false, chrome={chromedriverVersion=2.29.461585 (0be2cd95f834e9ee7c46bcc7cf405b483f5ae83b), userDataDir=/var/folders/bl/fr6nn8sj7y3_4pjmhtnx6f1m0000gn/T/.org.chromium.Chromium.tQuzpZ}, takesHeapSnapshot=true, pageLoadStrategy=normal, databaseEnabled=false, handlesAlerts=true, hasTouchScreen=false, version=59.0.3071.115, platform=MAC, browserConnectionEnabled=false, nativeEvents=true, acceptSslCerts=true, locationContextEnabled=true, webStorageEnabled=true, browserName=chrome, takesScreenshot=true, javascriptEnabled=true, cssSelectorsEnabled=true, unexpectedAlertBehaviour=}]&#10;Session ID: 22b35ae6819eb57e79d9c0dc773fa5cd" type="org.openqa.selenium.WebDriverException"><![CDATA[org.openqa.selenium.WebDriverException: 
unknown error: Element <input type="submit" class="btn blue" value="Submit"> is not clickable at point (717, 584). Other element would receive the click: <span class="head-content">...</span>
  (Session info: chrome=59.0.3071.115)
  (Driver info: chromedriver=2.29.461585 (0be2cd95f834e9ee7c46bcc7cf405b483f5ae83b),platform=Mac OS X 10.12.5 x86_64) (WARNING: The server did not provide any stacktrace information)
Command duration or timeout: 57 milliseconds
Build info: version: '3.4.0', revision: 'unknown', time: 'unknown'
System info: host: 'hojhas-MacBook-Pro.local', ip: 'fe80:0:0:0:1ce7:b4c3:c6b0:5a49%en0', os.name: 'Mac OS X', os.arch: 'x86_64', os.version: '10.12.5', java.version: '1.8.0_77'
Driver info: org.openqa.selenium.chrome.ChromeDriver
Capabilities [{applicationCacheEnabled=false, rotatable=false, mobileEmulationEnabled=false, networkConnectionEnabled=false, chrome={chromedriverVersion=2.29.461585 (0be2cd95f834e9ee7c46bcc7cf405b483f5ae83b), userDataDir=/var/folders/bl/fr6nn8sj7y3_4pjmhtnx6f1m0000gn/T/.org.chromium.Chromium.tQuzpZ}, takesHeapSnapshot=true, pageLoadStrategy=normal, databaseEnabled=false, handlesAlerts=true, hasTouchScreen=false, version=59.0.3071.115, platform=MAC, browserConnectionEnabled=false, nativeEvents=true, acceptSslCerts=true, locationContextEnabled=true, webStorageEnabled=true, browserName=chrome, takesScreenshot=true, javascriptEnabled=true, cssSelectorsEnabled=true, unexpectedAlertBehaviour=}]
Session ID: 22b35ae6819eb57e79d9c0dc773fa5cd
]]></error>
  </testcase>
  <testcase name="Then I should see a confirmation screen" classname="| 3 | Health | hemant |" time="0">
    <skipped/>
  </testcase>
  <testcase name="Then I am able to see the feedback comments by hemant" classname="| 3 | Health | hemant |" time="0">
    <skipped/>
  </testcase>
</testsuite>